***************************
 LISFLOOD-FP version 8.1.0 (float)
_CALCULATE_Q_MODE 1.
***************************

Loading parameters... 'bestfit.par'
resroot = bestfit
dirroot = results
sim_time = 6048000.000
saveint = 604800.000
massint = 60480.000
initial_tstep = 1.000
DEMfile = russian.dem.asc
SGCbank = russian.dem.asc
SGCwidth = russian.width.asc
Using sub-grid channels and acceleration formulation
SGCn = 0.024
SGCn changed to 0.02400 
bcifile = bestfit.bci
bdyfile = bestfit.bdy
manningfile = russian.n.asc
acceleration

Using acceleration formulation for floodplain flow
elevoff
depthoff
debug
Reading parameters done.

Reading command line.
Reading command line done.


Start Date: 17/8/2021 
Start Time: 8:16:32 

Loading DEM1000x925
BL corner	(1895000.000000,579500.000000)
NODATA_value	-9999.000000
Done.

Loading SGCbank Done.
Loading SGCwidth Done.

SGC calc z done.
Loading boundary condition IDs
QVAR from bdy file bestfit on N side start 1922260.000000 end 1922300.000000
FREE on W side start 587840.000000 end 587880.000000
Done.

Loading time varying boundary conditions
bdy bestfit read.
Done.

Loading floodplain Manning's n dataDone.

Porosity off

Starting time steps: acceleration mode

SGC mode

OMP thread count: 20
NUMA:
|0|0|0|0|0|0|0|0|0|0|0|0|0|0|0|0|0|0|0|0|
Init Sub Grid...	sub grid flows: 7976 sub grid cells:5414
Init done
Elapsed processing time:			8094.593042 (s) 6048000
Output write time:			0.000013 (s) 11
loop time 8095.000000
Finished.


Finish Date: 17/8/2021 
Finish Time: 10:31:30 


  Total computation time: 134.93 mins

