***************************
 LISFLOOD-FP version 8.1.0 (float)
_CALCULATE_Q_MODE 1.
***************************

Loading parameters... 'casestudy_4.par'
resroot = casestudy_4
dirroot = results
sim_time = 3455100.000
saveint = 345510.000
massint = 900.000
initial_tstep = 1.000
DEMfile = russian.dem.asc
SGCbank = russian.dem.asc
SGCwidth = russian.width.asc
Using sub-grid channels and acceleration formulation
SGCn = 0.030
SGCn changed to 0.03000 
bcifile = casestudy.bci
bdyfile = casestudy_4.bdy
manningfile = russian.n.asc
acceleration

Using acceleration formulation for floodplain flow
elevoff
depthoff
debug
gaugefile = russian.gauge
stagefile = russian.stage
Reading parameters done.

Reading command line.
Reading command line done.


Start Date: 18/8/2021 
Start Time: 12:20:6 

Loading DEM1000x925
BL corner	(1895000.000000,579500.000000)
NODATA_value	-9999.000000
Done.

Loading SGCbank Done.
Loading SGCwidth Done.

SGC calc z done.
Loading boundary condition IDs
QVAR from bdy file casestudy on N side start 1922260.000000 end 1922300.000000
FREE on W side start 587840.000000 end 587880.000000
Done.

Loading time varying boundary conditions
bdy casestudy read.
Done.

Loading floodplain Manning's n dataDone.

Porosity off
Loading stage information Done.

Gauge section informationDone.


Starting time steps: acceleration mode

SGC mode

OMP thread count: 20
NUMA:
|1|0|0|1|0|1|1|1|1|0|1|0|0|1|1|0|0|0|1|0|
Init Sub Grid...	sub grid flows: 7976 sub grid cells:5414
Init done
Elapsed processing time:			6067.904065 (s) 3455100
Output write time:			0.000015 (s) 11
loop time 6068.000000
Finished.


Finish Date: 18/8/2021 
Finish Time: 14:1:18 


  Total computation time: 101.17 mins

